<?xml version="1.0" encoding="UTF-8"?>
<!-- Generated by org.testng.reporters.JUnitXMLReporter -->
<testsuite hostname="Orange-PC" name="Test" tests="3" failures="1" timestamp="17 Dec 2017 12:04:28 GMT" time="0.063" errors="0">
  <testcase name="testA" time="0.026" classname="qsp.NewTestNg1"/>
  <testcase name="testB" time="0.0" classname="qsp.NewTestNg1"/>
  <testcase name="testC" time="0.003" classname="qsp.NewTestNg1">
    <failure type="java.lang.AssertionError" message="null">
      <![CDATA[java.lang.AssertionError: null
	at qsp.NewTestNg1.testC(NewTestNg1.java:25)
	at org.apache.tools.ant.taskdefs.ExecuteJava.run(ExecuteJava.java:221)
	at org.apache.tools.ant.taskdefs.ExecuteJava.execute(ExecuteJava.java:154)
	at org.apache.tools.ant.taskdefs.Java.run(Java.java:834)
	at org.apache.tools.ant.taskdefs.Java.executeJava(Java.java:228)
	at org.apache.tools.ant.taskdefs.Java.executeJava(Java.java:137)
	at org.apache.tools.ant.taskdefs.Java.execute(Java.java:110)
	at org.apache.tools.ant.UnknownElement.execute(UnknownElement.java:293)
	at org.apache.tools.ant.dispatch.DispatchUtils.execute(DispatchUtils.java:106)
	at org.apache.tools.ant.Task.perform(Task.java:348)
	at org.apache.tools.ant.Target.execute(Target.java:435)
	at org.apache.tools.ant.Target.performTasks(Target.java:456)
	at org.apache.tools.ant.Project.executeSortedTargets(Project.java:1405)
	at org.apache.tools.ant.Project.executeTarget(Project.java:1376)
	at org.apache.tools.ant.helper.DefaultExecutor.executeTargets(DefaultExecutor.java:41)
	at org.eclipse.ant.internal.launching.remote.EclipseDefaultExecutor.executeTargets(EclipseDefaultExecutor.java:36)
	at org.apache.tools.ant.Project.executeTargets(Project.java:1260)
	at org.eclipse.ant.internal.launching.remote.InternalAntRunner.run(InternalAntRunner.java:460)
	at org.eclipse.ant.internal.launching.remote.InternalAntRunner.main(InternalAntRunner.java:142)
... Removed 33 stack frames]]>
    </failure>
  </testcase> <!-- testC -->
</testsuite> <!-- Test -->
